Determining if the pthread_create exist failed with the following output:
Change Dir: /home/atica/catkin_ws/src/CITIUS/Pruebas/PruebasJAUS/JAUS_Subs2_Node2/CMakeFiles/CMakeTmp

Run Build Command:/usr/bin/make "cmTryCompileExec2750131032/fast"
/usr/bin/make -f CMakeFiles/cmTryCompileExec2750131032.dir/build.make CMakeFiles/cmTryCompileExec2750131032.dir/build
make[1]: se ingresa al directorio «/home/atica/catkin_ws/src/CITIUS/Pruebas/PruebasJAUS/JAUS_Subs2_Node2/CMakeFiles/CMakeTmp»
/usr/bin/cmake -E cmake_progress_report /home/atica/catkin_ws/src/CITIUS/Pruebas/PruebasJAUS/JAUS_Subs2_Node2/CMakeFiles/CMakeTmp/CMakeFiles 1
Building C object CMakeFiles/cmTryCompileExec2750131032.dir/CheckSymbolExists.c.o
/usr/bin/gcc    -o CMakeFiles/cmTryCompileExec2750131032.dir/CheckSymbolExists.c.o   -c /home/atica/catkin_ws/src/CITIUS/Pruebas/PruebasJAUS/JAUS_Subs2_Node2/CMakeFiles/CMakeTmp/CheckSymbolExists.c
Linking C executable cmTryCompileExec2750131032
/usr/bin/cmake -E cmake_link_script CMakeFiles/cmTryCompileExec2750131032.dir/link.txt --verbose=1
/usr/bin/gcc         CMakeFiles/cmTryCompileExec2750131032.dir/CheckSymbolExists.c.o  -o cmTryCompileExec2750131032 -rdynamic 
CMakeFiles/cmTryCompileExec2750131032.dir/CheckSymbolExists.c.o: In function `main':
CheckSymbolExists.c:(.text+0xa): undefined reference to `pthread_create'
collect2: ld devolvió el estado de salida 1
make[1]: *** [cmTryCompileExec2750131032] Error 1
make[1]: se sale del directorio «/home/atica/catkin_ws/src/CITIUS/Pruebas/PruebasJAUS/JAUS_Subs2_Node2/CMakeFiles/CMakeTmp»
make: *** [cmTryCompileExec2750131032/fast] Error 2

File /home/atica/catkin_ws/src/CITIUS/Pruebas/PruebasJAUS/JAUS_Subs2_Node2/CMakeFiles/CMakeTmp/CheckSymbolExists.c:
/* */
#include <pthread.h>

int main(int argc, char** argv)
{
  (void)argv;
#ifndef pthread_create
  return ((int*)(&pthread_create))[argc];
#else
  (void)argc;
  return 0;
#endif
}

Determining if the function pthread_create exists in the pthreads failed with the following output:
Change Dir: /home/atica/catkin_ws/src/CITIUS/Pruebas/PruebasJAUS/JAUS_Subs2_Node2/CMakeFiles/CMakeTmp

Run Build Command:/usr/bin/make "cmTryCompileExec571452588/fast"
/usr/bin/make -f CMakeFiles/cmTryCompileExec571452588.dir/build.make CMakeFiles/cmTryCompileExec571452588.dir/build
make[1]: se ingresa al directorio «/home/atica/catkin_ws/src/CITIUS/Pruebas/PruebasJAUS/JAUS_Subs2_Node2/CMakeFiles/CMakeTmp»
/usr/bin/cmake -E cmake_progress_report /home/atica/catkin_ws/src/CITIUS/Pruebas/PruebasJAUS/JAUS_Subs2_Node2/CMakeFiles/CMakeTmp/CMakeFiles 1
Building C object CMakeFiles/cmTryCompileExec571452588.dir/CheckFunctionExists.c.o
/usr/bin/gcc   -DCHECK_FUNCTION_EXISTS=pthread_create   -o CMakeFiles/cmTryCompileExec571452588.dir/CheckFunctionExists.c.o   -c /usr/share/cmake-2.8/Modules/CheckFunctionExists.c
Linking C executable cmTryCompileExec571452588
/usr/bin/cmake -E cmake_link_script CMakeFiles/cmTryCompileExec571452588.dir/link.txt --verbose=1
/usr/bin/gcc     -DCHECK_FUNCTION_EXISTS=pthread_create    CMakeFiles/cmTryCompileExec571452588.dir/CheckFunctionExists.c.o  -o cmTryCompileExec571452588 -rdynamic -lpthreads 
/usr/bin/ld: cannot find -lpthreads
collect2: ld devolvió el estado de salida 1
make[1]: *** [cmTryCompileExec571452588] Error 1
make[1]: se sale del directorio «/home/atica/catkin_ws/src/CITIUS/Pruebas/PruebasJAUS/JAUS_Subs2_Node2/CMakeFiles/CMakeTmp»
make: *** [cmTryCompileExec571452588/fast] Error 2


