Determining if the function pthread_create exists in the pthreads failed with the following output:
Change Dir: /home/atica/catkin_ws/src/CITIUS/CITIUS_Control_Communication/CMakeFiles/CMakeTmp

Run Build Command:/usr/bin/make "cmTryCompileExec/fast"
/usr/bin/make -f CMakeFiles/cmTryCompileExec.dir/build.make CMakeFiles/cmTryCompileExec.dir/build
make[1]: se ingresa al directorio «/home/atica/catkin_ws/src/CITIUS/CITIUS_Control_Communication/CMakeFiles/CMakeTmp»
/usr/bin/cmake -E cmake_progress_report /home/atica/catkin_ws/src/CITIUS/CITIUS_Control_Communication/CMakeFiles/CMakeTmp/CMakeFiles 1
Building C object CMakeFiles/cmTryCompileExec.dir/CheckFunctionExists.c.o
/usr/bin/gcc   -DCHECK_FUNCTION_EXISTS=pthread_create   -o CMakeFiles/cmTryCompileExec.dir/CheckFunctionExists.c.o   -c /usr/share/cmake-2.8/Modules/CheckFunctionExists.c
Linking C executable cmTryCompileExec
/usr/bin/cmake -E cmake_link_script CMakeFiles/cmTryCompileExec.dir/link.txt --verbose=1
/usr/bin/gcc     -DCHECK_FUNCTION_EXISTS=pthread_create    CMakeFiles/cmTryCompileExec.dir/CheckFunctionExists.c.o  -o cmTryCompileExec -rdynamic -lpthreads 
/usr/bin/ld: cannot find -lpthreads
collect2: ld devolvió el estado de salida 1
make[1]: *** [cmTryCompileExec] Error 1
make[1]: se sale del directorio «/home/atica/catkin_ws/src/CITIUS/CITIUS_Control_Communication/CMakeFiles/CMakeTmp»
make: *** [cmTryCompileExec/fast] Error 2


Determining if the pthread_create exist failed with the following output:
Change Dir: /home/atica/catkin_ws/src/CITIUS/CITIUS_Control_Communication/CMakeFiles/CMakeTmp

Run Build Command:/usr/bin/make "cmTryCompileExec3579783808/fast"
make[1]: se ingresa al directorio «/home/atica/catkin_ws/src/CITIUS/CITIUS_Control_Communication/CMakeFiles/CMakeTmp»
/usr/bin/make -f CMakeFiles/cmTryCompileExec3579783808.dir/build.make CMakeFiles/cmTryCompileExec3579783808.dir/build
make[2]: se ingresa al directorio «/home/atica/catkin_ws/src/CITIUS/CITIUS_Control_Communication/CMakeFiles/CMakeTmp»
/usr/bin/cmake -E cmake_progress_report /home/atica/catkin_ws/src/CITIUS/CITIUS_Control_Communication/CMakeFiles/CMakeTmp/CMakeFiles 1
Building C object CMakeFiles/cmTryCompileExec3579783808.dir/CheckSymbolExists.c.o
/usr/bin/gcc    -o CMakeFiles/cmTryCompileExec3579783808.dir/CheckSymbolExists.c.o   -c /home/atica/catkin_ws/src/CITIUS/CITIUS_Control_Communication/CMakeFiles/CMakeTmp/CheckSymbolExists.c
Linking C executable cmTryCompileExec3579783808
/usr/bin/cmake -E cmake_link_script CMakeFiles/cmTryCompileExec3579783808.dir/link.txt --verbose=1
/usr/bin/gcc         CMakeFiles/cmTryCompileExec3579783808.dir/CheckSymbolExists.c.o  -o cmTryCompileExec3579783808 -rdynamic 
CMakeFiles/cmTryCompileExec3579783808.dir/CheckSymbolExists.c.o: In function `main':
CheckSymbolExists.c:(.text+0xa): undefined reference to `pthread_create'
collect2: ld devolvió el estado de salida 1
make[2]: se sale del directorio «/home/atica/catkin_ws/src/CITIUS/CITIUS_Control_Communication/CMakeFiles/CMakeTmp»
make[2]: *** [cmTryCompileExec3579783808] Error 1
make[1]: *** [cmTryCompileExec3579783808/fast] Error 2
make[1]: se sale del directorio «/home/atica/catkin_ws/src/CITIUS/CITIUS_Control_Communication/CMakeFiles/CMakeTmp»

File /home/atica/catkin_ws/src/CITIUS/CITIUS_Control_Communication/CMakeFiles/CMakeTmp/CheckSymbolExists.c:
/* */
#include <pthread.h>

int main(int argc, char** argv)
{
  (void)argv;
#ifndef pthread_create
  return ((int*)(&pthread_create))[argc];
#else
  (void)argc;
  return 0;
#endif
}

Determining if the pthread_create exist failed with the following output:
Change Dir: /home/atica/catkin_ws/src/CITIUS/CITIUS_Control_Communication/CMakeFiles/CMakeTmp

Run Build Command:/usr/bin/make "cmTryCompileExec4041916054/fast"
make[1]: se ingresa al directorio «/home/atica/catkin_ws/src/CITIUS/CITIUS_Control_Communication/CMakeFiles/CMakeTmp»
/usr/bin/make -f CMakeFiles/cmTryCompileExec4041916054.dir/build.make CMakeFiles/cmTryCompileExec4041916054.dir/build
make[2]: se ingresa al directorio «/home/atica/catkin_ws/src/CITIUS/CITIUS_Control_Communication/CMakeFiles/CMakeTmp»
/usr/bin/cmake -E cmake_progress_report /home/atica/catkin_ws/src/CITIUS/CITIUS_Control_Communication/CMakeFiles/CMakeTmp/CMakeFiles 1
Building C object CMakeFiles/cmTryCompileExec4041916054.dir/CheckSymbolExists.c.o
/usr/bin/gcc    -o CMakeFiles/cmTryCompileExec4041916054.dir/CheckSymbolExists.c.o   -c /home/atica/catkin_ws/src/CITIUS/CITIUS_Control_Communication/CMakeFiles/CMakeTmp/CheckSymbolExists.c
Linking C executable cmTryCompileExec4041916054
/usr/bin/cmake -E cmake_link_script CMakeFiles/cmTryCompileExec4041916054.dir/link.txt --verbose=1
/usr/bin/gcc         CMakeFiles/cmTryCompileExec4041916054.dir/CheckSymbolExists.c.o  -o cmTryCompileExec4041916054 -rdynamic 
CMakeFiles/cmTryCompileExec4041916054.dir/CheckSymbolExists.c.o: In function `main':
CheckSymbolExists.c:(.text+0xa): undefined reference to `pthread_create'
collect2: ld devolvió el estado de salida 1
make[2]: se sale del directorio «/home/atica/catkin_ws/src/CITIUS/CITIUS_Control_Communication/CMakeFiles/CMakeTmp»
make[2]: *** [cmTryCompileExec4041916054] Error 1
make[1]: se sale del directorio «/home/atica/catkin_ws/src/CITIUS/CITIUS_Control_Communication/CMakeFiles/CMakeTmp»
make[1]: *** [cmTryCompileExec4041916054/fast] Error 2

File /home/atica/catkin_ws/src/CITIUS/CITIUS_Control_Communication/CMakeFiles/CMakeTmp/CheckSymbolExists.c:
/* */
#include <pthread.h>

int main(int argc, char** argv)
{
  (void)argv;
#ifndef pthread_create
  return ((int*)(&pthread_create))[argc];
#else
  (void)argc;
  return 0;
#endif
}

Determining if the function pthread_create exists in the pthreads failed with the following output:
Change Dir: /home/atica/catkin_ws/src/CITIUS/CITIUS_Control_Communication/CMakeFiles/CMakeTmp

Run Build Command:/usr/bin/make "cmTryCompileExec2308927522/fast"
make[1]: se ingresa al directorio «/home/atica/catkin_ws/src/CITIUS/CITIUS_Control_Communication/CMakeFiles/CMakeTmp»
/usr/bin/make -f CMakeFiles/cmTryCompileExec2308927522.dir/build.make CMakeFiles/cmTryCompileExec2308927522.dir/build
make[2]: se ingresa al directorio «/home/atica/catkin_ws/src/CITIUS/CITIUS_Control_Communication/CMakeFiles/CMakeTmp»
/usr/bin/cmake -E cmake_progress_report /home/atica/catkin_ws/src/CITIUS/CITIUS_Control_Communication/CMakeFiles/CMakeTmp/CMakeFiles 1
Building C object CMakeFiles/cmTryCompileExec2308927522.dir/CheckFunctionExists.c.o
/usr/bin/gcc   -DCHECK_FUNCTION_EXISTS=pthread_create   -o CMakeFiles/cmTryCompileExec2308927522.dir/CheckFunctionExists.c.o   -c /usr/share/cmake-2.8/Modules/CheckFunctionExists.c
Linking C executable cmTryCompileExec2308927522
/usr/bin/cmake -E cmake_link_script CMakeFiles/cmTryCompileExec2308927522.dir/link.txt --verbose=1
/usr/bin/gcc     -DCHECK_FUNCTION_EXISTS=pthread_create    CMakeFiles/cmTryCompileExec2308927522.dir/CheckFunctionExists.c.o  -o cmTryCompileExec2308927522 -rdynamic -lpthreads 
/usr/bin/ld: cannot find -lpthreads
collect2: ld devolvió el estado de salida 1
make[2]: se sale del directorio «/home/atica/catkin_ws/src/CITIUS/CITIUS_Control_Communication/CMakeFiles/CMakeTmp»
make[1]: se sale del directorio «/home/atica/catkin_ws/src/CITIUS/CITIUS_Control_Communication/CMakeFiles/CMakeTmp»
make[2]: *** [cmTryCompileExec2308927522] Error 1
make[1]: *** [cmTryCompileExec2308927522/fast] Error 2


Determining if the pthread_create exist failed with the following output:
Change Dir: /home/atica/catkin_ws/src/CITIUS/CITIUS_Control_Communication/CMakeFiles/CMakeTmp

Run Build Command:/usr/bin/make "cmTryCompileExec1113910256/fast"
make[1]: se ingresa al directorio «/home/atica/catkin_ws/src/CITIUS/CITIUS_Control_Communication/CMakeFiles/CMakeTmp»
/usr/bin/make -f CMakeFiles/cmTryCompileExec1113910256.dir/build.make CMakeFiles/cmTryCompileExec1113910256.dir/build
make[2]: se ingresa al directorio «/home/atica/catkin_ws/src/CITIUS/CITIUS_Control_Communication/CMakeFiles/CMakeTmp»
/usr/bin/cmake -E cmake_progress_report /home/atica/catkin_ws/src/CITIUS/CITIUS_Control_Communication/CMakeFiles/CMakeTmp/CMakeFiles 1
Building C object CMakeFiles/cmTryCompileExec1113910256.dir/CheckSymbolExists.c.o
/usr/bin/gcc    -o CMakeFiles/cmTryCompileExec1113910256.dir/CheckSymbolExists.c.o   -c /home/atica/catkin_ws/src/CITIUS/CITIUS_Control_Communication/CMakeFiles/CMakeTmp/CheckSymbolExists.c
Linking C executable cmTryCompileExec1113910256
/usr/bin/cmake -E cmake_link_script CMakeFiles/cmTryCompileExec1113910256.dir/link.txt --verbose=1
/usr/bin/gcc         CMakeFiles/cmTryCompileExec1113910256.dir/CheckSymbolExists.c.o  -o cmTryCompileExec1113910256 -rdynamic 
CMakeFiles/cmTryCompileExec1113910256.dir/CheckSymbolExists.c.o: In function `main':
CheckSymbolExists.c:(.text+0xa): undefined reference to `pthread_create'
collect2: ld devolvió el estado de salida 1
make[2]: *** [cmTryCompileExec1113910256] Error 1
make[2]: se sale del directorio «/home/atica/catkin_ws/src/CITIUS/CITIUS_Control_Communication/CMakeFiles/CMakeTmp»
make[1]: *** [cmTryCompileExec1113910256/fast] Error 2
make[1]: se sale del directorio «/home/atica/catkin_ws/src/CITIUS/CITIUS_Control_Communication/CMakeFiles/CMakeTmp»

File /home/atica/catkin_ws/src/CITIUS/CITIUS_Control_Communication/CMakeFiles/CMakeTmp/CheckSymbolExists.c:
/* */
#include <pthread.h>

int main(int argc, char** argv)
{
  (void)argv;
#ifndef pthread_create
  return ((int*)(&pthread_create))[argc];
#else
  (void)argc;
  return 0;
#endif
}

Determining if the function pthread_create exists in the pthreads failed with the following output:
Change Dir: /home/atica/catkin_ws/src/CITIUS/CITIUS_Control_Communication/CMakeFiles/CMakeTmp

Run Build Command:/usr/bin/make "cmTryCompileExec4066705838/fast"
make[1]: se ingresa al directorio «/home/atica/catkin_ws/src/CITIUS/CITIUS_Control_Communication/CMakeFiles/CMakeTmp»
/usr/bin/make -f CMakeFiles/cmTryCompileExec4066705838.dir/build.make CMakeFiles/cmTryCompileExec4066705838.dir/build
make[2]: se ingresa al directorio «/home/atica/catkin_ws/src/CITIUS/CITIUS_Control_Communication/CMakeFiles/CMakeTmp»
/usr/bin/cmake -E cmake_progress_report /home/atica/catkin_ws/src/CITIUS/CITIUS_Control_Communication/CMakeFiles/CMakeTmp/CMakeFiles 1
Building C object CMakeFiles/cmTryCompileExec4066705838.dir/CheckFunctionExists.c.o
/usr/bin/gcc   -DCHECK_FUNCTION_EXISTS=pthread_create   -o CMakeFiles/cmTryCompileExec4066705838.dir/CheckFunctionExists.c.o   -c /usr/share/cmake-2.8/Modules/CheckFunctionExists.c
Linking C executable cmTryCompileExec4066705838
/usr/bin/cmake -E cmake_link_script CMakeFiles/cmTryCompileExec4066705838.dir/link.txt --verbose=1
/usr/bin/gcc     -DCHECK_FUNCTION_EXISTS=pthread_create    CMakeFiles/cmTryCompileExec4066705838.dir/CheckFunctionExists.c.o  -o cmTryCompileExec4066705838 -rdynamic -lpthreads 
/usr/bin/ld: cannot find -lpthreads
collect2: ld devolvió el estado de salida 1
make[2]: se sale del directorio «/home/atica/catkin_ws/src/CITIUS/CITIUS_Control_Communication/CMakeFiles/CMakeTmp»
make[2]: *** [cmTryCompileExec4066705838] Error 1
make[1]: *** [cmTryCompileExec4066705838/fast] Error 2
make[1]: se sale del directorio «/home/atica/catkin_ws/src/CITIUS/CITIUS_Control_Communication/CMakeFiles/CMakeTmp»


