Determining if the pthread_create exist failed with the following output:
Change Dir: /home/atica/catkin_ws/src/CITIUS/Pruebas/PruebasJAUS/JAUS_Subs1_Node1/CMakeFiles/CMakeTmp

Run Build Command:/usr/bin/make "cmTryCompileExec1765336644/fast"
/usr/bin/make -f CMakeFiles/cmTryCompileExec1765336644.dir/build.make CMakeFiles/cmTryCompileExec1765336644.dir/build
make[1]: se ingresa al directorio «/home/atica/catkin_ws/src/CITIUS/Pruebas/PruebasJAUS/JAUS_Subs1_Node1/CMakeFiles/CMakeTmp»
/usr/bin/cmake -E cmake_progress_report /home/atica/catkin_ws/src/CITIUS/Pruebas/PruebasJAUS/JAUS_Subs1_Node1/CMakeFiles/CMakeTmp/CMakeFiles 1
Building C object CMakeFiles/cmTryCompileExec1765336644.dir/CheckSymbolExists.c.o
/usr/bin/gcc    -o CMakeFiles/cmTryCompileExec1765336644.dir/CheckSymbolExists.c.o   -c /home/atica/catkin_ws/src/CITIUS/Pruebas/PruebasJAUS/JAUS_Subs1_Node1/CMakeFiles/CMakeTmp/CheckSymbolExists.c
Linking C executable cmTryCompileExec1765336644
/usr/bin/cmake -E cmake_link_script CMakeFiles/cmTryCompileExec1765336644.dir/link.txt --verbose=1
/usr/bin/gcc         CMakeFiles/cmTryCompileExec1765336644.dir/CheckSymbolExists.c.o  -o cmTryCompileExec1765336644 -rdynamic 
CMakeFiles/cmTryCompileExec1765336644.dir/CheckSymbolExists.c.o: In function `main':
CheckSymbolExists.c:(.text+0xa): undefined reference to `pthread_create'
collect2: ld devolvió el estado de salida 1
make[1]: *** [cmTryCompileExec1765336644] Error 1
make[1]: se sale del directorio «/home/atica/catkin_ws/src/CITIUS/Pruebas/PruebasJAUS/JAUS_Subs1_Node1/CMakeFiles/CMakeTmp»
make: *** [cmTryCompileExec1765336644/fast] Error 2

File /home/atica/catkin_ws/src/CITIUS/Pruebas/PruebasJAUS/JAUS_Subs1_Node1/CMakeFiles/CMakeTmp/CheckSymbolExists.c:
/* */
#include <pthread.h>

int main(int argc, char** argv)
{
  (void)argv;
#ifndef pthread_create
  return ((int*)(&pthread_create))[argc];
#else
  (void)argc;
  return 0;
#endif
}

Determining if the function pthread_create exists in the pthreads failed with the following output:
Change Dir: /home/atica/catkin_ws/src/CITIUS/Pruebas/PruebasJAUS/JAUS_Subs1_Node1/CMakeFiles/CMakeTmp

Run Build Command:/usr/bin/make "cmTryCompileExec1086314580/fast"
/usr/bin/make -f CMakeFiles/cmTryCompileExec1086314580.dir/build.make CMakeFiles/cmTryCompileExec1086314580.dir/build
make[1]: se ingresa al directorio «/home/atica/catkin_ws/src/CITIUS/Pruebas/PruebasJAUS/JAUS_Subs1_Node1/CMakeFiles/CMakeTmp»
/usr/bin/cmake -E cmake_progress_report /home/atica/catkin_ws/src/CITIUS/Pruebas/PruebasJAUS/JAUS_Subs1_Node1/CMakeFiles/CMakeTmp/CMakeFiles 1
Building C object CMakeFiles/cmTryCompileExec1086314580.dir/CheckFunctionExists.c.o
/usr/bin/gcc   -DCHECK_FUNCTION_EXISTS=pthread_create   -o CMakeFiles/cmTryCompileExec1086314580.dir/CheckFunctionExists.c.o   -c /usr/share/cmake-2.8/Modules/CheckFunctionExists.c
Linking C executable cmTryCompileExec1086314580
/usr/bin/cmake -E cmake_link_script CMakeFiles/cmTryCompileExec1086314580.dir/link.txt --verbose=1
/usr/bin/gcc     -DCHECK_FUNCTION_EXISTS=pthread_create    CMakeFiles/cmTryCompileExec1086314580.dir/CheckFunctionExists.c.o  -o cmTryCompileExec1086314580 -rdynamic -lpthreads 
/usr/bin/ld: cannot find -lpthreads
collect2: ld devolvió el estado de salida 1
make[1]: *** [cmTryCompileExec1086314580] Error 1
make[1]: se sale del directorio «/home/atica/catkin_ws/src/CITIUS/Pruebas/PruebasJAUS/JAUS_Subs1_Node1/CMakeFiles/CMakeTmp»
make: *** [cmTryCompileExec1086314580/fast] Error 2


